<?xml version="1.0" encoding="UTF-8"?>
<!-- Generated by org.testng.reporters.JUnitReportReporter -->
<testsuite skipped="0" hostname="GMPI" name="com.actitime.test.ScreenshotClass" tests="1" failures="0" timestamp="2020-01-05T14:03:27 IST" time="14.301" errors="0">
  <testcase name="testScreenshot" time="14.301" classname="com.actitime.test.ScreenshotClass"/>
</testsuite> <!-- com.actitime.test.ScreenshotClass -->
