<?xml version="1.0" encoding="UTF-8"?>
<!-- Generated by org.testng.reporters.JUnitReportReporter -->
<testsuite skipped="0" hostname="GMPI" name="testNG.DeleteUser" tests="1" failures="0" timestamp="2020-01-04T13:43:03 IST" time="0.000" errors="0">
  <testcase name="deleteUser" time="0.000" classname="testNG.DeleteUser"/>
</testsuite> <!-- testNG.DeleteUser -->
