<?xml version="1.0" encoding="UTF-8"?>
<!-- Generated by org.testng.reporters.JUnitReportReporter -->
<testsuite skipped="0" hostname="GMPI" name="com.actitime.test.AssertClass" tests="1" failures="0" timestamp="2020-01-05T12:13:14 IST" time="16.162" errors="0">
  <testcase name="testLogin" time="16.162" classname="com.actitime.test.AssertClass"/>
</testsuite> <!-- com.actitime.test.AssertClass -->
