<?xml version="1.0" encoding="UTF-8"?>
<!-- Generated by org.testng.reporters.JUnitReportReporter -->
<testsuite skipped="0" hostname="GMPI" name="testNG.Demo5" tests="4" failures="0" timestamp="2020-01-04T14:06:32 IST" time="0.000" errors="0">
  <testcase name="modifyUser" time="0.000" classname="testNG.Demo5"/>
  <testcase name="deleteUser" time="0.000" classname="testNG.Demo5"/>
  <testcase name="createUser" time="0.000" classname="testNG.Demo5"/>
  <testcase name="modifyUser" time="0.000" classname="testNG.Demo5"/>
</testsuite> <!-- testNG.Demo5 -->
