<?xml version="1.0" encoding="UTF-8"?>
<!-- Generated by org.testng.reporters.JUnitReportReporter -->
<testsuite skipped="0" hostname="GMPI" name="com.actitime.test.CreateCustomer" tests="2" failures="0" timestamp="2020-01-12T11:13:19 IST" time="0.012" errors="0">
  <testcase name="testCreateCustomer" time="0.000" classname="com.actitime.test.CreateCustomer"/>
  <testcase name="testCreateCustomer" time="0.012" classname="com.actitime.test.CreateCustomer"/>
</testsuite> <!-- com.actitime.test.CreateCustomer -->
