<?xml version="1.0" encoding="UTF-8"?>
<!-- Generated by org.testng.reporters.JUnitReportReporter -->
<testsuite skipped="0" hostname="GMPI" name="testNG.Demo3" tests="4" failures="0" timestamp="2020-01-04T14:05:56 IST" time="0.000" errors="0">
  <testcase name="deleteUser" time="0.000" classname="testNG.Demo3"/>
  <testcase name="createUser" time="0.000" classname="testNG.Demo3"/>
  <testcase name="modifyUser" time="0.000" classname="testNG.Demo3"/>
  <testcase name="modifyUser" time="0.000" classname="testNG.Demo3"/>
</testsuite> <!-- testNG.Demo3 -->
