<?xml version="1.0" encoding="UTF-8"?>
<!-- Generated by org.testng.reporters.JUnitReportReporter -->
<testsuite skipped="0" hostname="GMPI" name="testNG.Demo4" tests="4" failures="0" timestamp="2020-01-04T13:17:41 IST" time="0.000" errors="0">
  <testcase name="deleteUser" time="0.000" classname="testNG.Demo4"/>
  <testcase name="createUser" time="0.000" classname="testNG.Demo4"/>
  <testcase name="modifyUser" time="0.000" classname="testNG.Demo4"/>
  <testcase name="modifyUser" time="0.000" classname="testNG.Demo4"/>
</testsuite> <!-- testNG.Demo4 -->
