<?xml version="1.0" encoding="UTF-8"?>
<!-- Generated by org.testng.reporters.JUnitReportReporter -->
<testsuite skipped="0" hostname="GMPI" name="com.actitime.test.DeleteCustomer" tests="1" failures="0" timestamp="2020-01-12T11:10:49 IST" time="0.003" errors="0">
  <testcase name="testDeleteCustomer" time="0.003" classname="com.actitime.test.DeleteCustomer"/>
</testsuite> <!-- com.actitime.test.DeleteCustomer -->
