<?xml version="1.0" encoding="UTF-8"?>
<!-- Generated by org.testng.reporters.JUnitReportReporter -->
<testsuite skipped="0" hostname="GMPI" name="testNG.Demo1" tests="4" failures="0" timestamp="2020-01-04T13:11:16 IST" time="0.016" errors="0">
  <testcase name="deleteUser" time="0.016" classname="testNG.Demo1"/>
  <testcase name="createUser" time="0.000" classname="testNG.Demo1"/>
  <testcase name="modifyUser" time="0.000" classname="testNG.Demo1"/>
  <testcase name="modifyUser" time="0.000" classname="testNG.Demo1"/>
</testsuite> <!-- testNG.Demo1 -->
