<?xml version="1.0" encoding="UTF-8"?>
<!-- Generated by org.testng.reporters.JUnitReportReporter -->
<testsuite skipped="0" hostname="GMPI" name="com.actitime.test.CreateCustomerParameters" tests="1" failures="0" timestamp="2020-01-12T12:41:34 IST" time="41.419" errors="0">
  <testcase name="testCreateCustomer" time="41.419" classname="com.actitime.test.CreateCustomerParameters"/>
</testsuite> <!-- com.actitime.test.CreateCustomerParameters -->
